<?xml version="1.0" encoding="UTF-8"?>
<testng-results ignored="0" total="10" passed="9" failed="1" skipped="0">
  <reporter-output>
  </reporter-output>
  <suite started-at="2023-04-09T10:31:06 IST" name="Default suite" finished-at="2023-04-09T10:31:46 IST" duration-ms="40416">
    <groups>
    </groups>
    <test started-at="2023-04-09T10:31:06 IST" name="Default test" finished-at="2023-04-09T10:31:46 IST" duration-ms="40416">
      <class name="PARA_BANK_Runner.PAPABank_Runner">
        <test-method signature="Test_with_invalid_Data()[pri:1, instance:PARA_BANK_Runner.PAPABank_Runner@4215838f]" started-at="2023-04-09T10:31:06 IST" name="Test_with_invalid_Data" finished-at="2023-04-09T10:31:27 IST" duration-ms="20939" status="PASS">
          <reporter-output>
          </reporter-output>
        </test-method> <!-- Test_with_invalid_Data -->
        <test-method signature="Test_with_Blank_Data()[pri:2, instance:PARA_BANK_Runner.PAPABank_Runner@4215838f]" started-at="2023-04-09T10:31:27 IST" name="Test_with_Blank_Data" finished-at="2023-04-09T10:31:28 IST" duration-ms="695" status="PASS">
          <reporter-output>
          </reporter-output>
        </test-method> <!-- Test_with_Blank_Data -->
        <test-method signature="Test_with_Valid_Data()[pri:3, instance:PARA_BANK_Runner.PAPABank_Runner@4215838f]" started-at="2023-04-09T10:31:28 IST" name="Test_with_Valid_Data" finished-at="2023-04-09T10:31:29 IST" duration-ms="1164" status="PASS">
          <reporter-output>
          </reporter-output>
        </test-method> <!-- Test_with_Valid_Data -->
        <test-method signature="Verify_First_Amount()[pri:4, instance:PARA_BANK_Runner.PAPABank_Runner@4215838f]" started-at="2023-04-09T10:31:29 IST" name="Verify_First_Amount" finished-at="2023-04-09T10:31:29 IST" duration-ms="259" status="PASS">
          <reporter-output>
          </reporter-output>
        </test-method> <!-- Verify_First_Amount -->
        <test-method signature="create_an_account()[pri:5, instance:PARA_BANK_Runner.PAPABank_Runner@4215838f]" started-at="2023-04-09T10:31:29 IST" name="create_an_account" finished-at="2023-04-09T10:31:31 IST" duration-ms="1446" status="PASS">
          <reporter-output>
          </reporter-output>
        </test-method> <!-- create_an_account -->
        <test-method signature="repeat()[pri:0, instance:PARA_BANK_Runner.PAPABank_Runner@4215838f]" started-at="2023-04-09T10:31:31 IST" name="repeat" finished-at="2023-04-09T10:31:33 IST" depends-on-methods="PARA_BANK_Runner.PAPABank_Runner.create_an_account" duration-ms="2560" status="PASS">
          <reporter-output>
          </reporter-output>
        </test-method> <!-- repeat -->
        <test-method signature="list_Accounts()[pri:6, instance:PARA_BANK_Runner.PAPABank_Runner@4215838f]" started-at="2023-04-09T10:31:33 IST" name="list_Accounts" finished-at="2023-04-09T10:31:33 IST" duration-ms="16" status="PASS">
          <reporter-output>
          </reporter-output>
        </test-method> <!-- list_Accounts -->
        <test-method signature="check_balance()[pri:7, instance:PARA_BANK_Runner.PAPABank_Runner@4215838f]" started-at="2023-04-09T10:31:33 IST" name="check_balance" finished-at="2023-04-09T10:31:34 IST" duration-ms="1086" status="PASS">
          <reporter-output>
          </reporter-output>
        </test-method> <!-- check_balance -->
        <test-method signature="get_intial_Amount()[pri:8, instance:PARA_BANK_Runner.PAPABank_Runner@4215838f]" started-at="2023-04-09T10:31:34 IST" name="get_intial_Amount" finished-at="2023-04-09T10:31:34 IST" duration-ms="4" status="FAIL">
          <exception class="java.lang.NumberFormatException">
            <message>
              <![CDATA[empty String]]>
            </message>
            <full-stacktrace>
              <![CDATA[java.lang.NumberFormatException: empty String
at java.base/jdk.internal.math.FloatingDecimal.readJavaFormatString(FloatingDecimal.java:1842)
at java.base/jdk.internal.math.FloatingDecimal.parseDouble(FloatingDecimal.java:110)
at java.base/java.lang.Double.parseDouble(Double.java:651)
at PARA_BANK_Runner.PAPABank_Runner.get_intial_Amount(PAPABank_Runner.java:114)
at java.base/jdk.internal.reflect.NativeMethodAccessorImpl.invoke0(Native Method)
at java.base/jdk.internal.reflect.NativeMethodAccessorImpl.invoke(NativeMethodAccessorImpl.java:77)
at java.base/jdk.internal.reflect.DelegatingMethodAccessorImpl.invoke(DelegatingMethodAccessorImpl.java:43)
at java.base/java.lang.reflect.Method.invoke(Method.java:568)
at org.testng.internal.MethodInvocationHelper.invokeMethod(MethodInvocationHelper.java:133)
at org.testng.internal.TestInvoker.invokeMethod(TestInvoker.java:598)
at org.testng.internal.TestInvoker.invokeTestMethod(TestInvoker.java:173)
at org.testng.internal.MethodRunner.runInSequence(MethodRunner.java:46)
at org.testng.internal.TestInvoker$MethodInvocationAgent.invoke(TestInvoker.java:824)
at org.testng.internal.TestInvoker.invokeTestMethods(TestInvoker.java:146)
at org.testng.internal.TestMethodWorker.invokeTestMethods(TestMethodWorker.java:146)
at org.testng.internal.TestMethodWorker.run(TestMethodWorker.java:128)
at java.base/java.util.ArrayList.forEach(ArrayList.java:1511)
at org.testng.TestRunner.privateRun(TestRunner.java:794)
at org.testng.TestRunner.run(TestRunner.java:596)
at org.testng.SuiteRunner.runTest(SuiteRunner.java:377)
at org.testng.SuiteRunner.runSequentially(SuiteRunner.java:371)
at org.testng.SuiteRunner.privateRun(SuiteRunner.java:332)
at org.testng.SuiteRunner.run(SuiteRunner.java:276)
at org.testng.SuiteRunnerWorker.runSuite(SuiteRunnerWorker.java:53)
at org.testng.SuiteRunnerWorker.run(SuiteRunnerWorker.java:96)
at org.testng.TestNG.runSuitesSequentially(TestNG.java:1212)
at org.testng.TestNG.runSuitesLocally(TestNG.java:1134)
at org.testng.TestNG.runSuites(TestNG.java:1063)
at org.testng.TestNG.run(TestNG.java:1031)
at org.testng.remote.AbstractRemoteTestNG.run(AbstractRemoteTestNG.java:115)
at org.testng.remote.RemoteTestNG.initAndRun(RemoteTestNG.java:251)
at org.testng.remote.RemoteTestNG.main(RemoteTestNG.java:77)
]]>
            </full-stacktrace>
          </exception> <!-- java.lang.NumberFormatException -->
          <reporter-output>
          </reporter-output>
        </test-method> <!-- get_intial_Amount -->
        <test-method signature="TranferMoney_and_check()[pri:9, instance:PARA_BANK_Runner.PAPABank_Runner@4215838f]" started-at="2023-04-09T10:31:34 IST" name="TranferMoney_and_check" finished-at="2023-04-09T10:31:46 IST" duration-ms="11902" status="PASS">
          <reporter-output>
          </reporter-output>
        </test-method> <!-- TranferMoney_and_check -->
      </class> <!-- PARA_BANK_Runner.PAPABank_Runner -->
    </test> <!-- Default test -->
  </suite> <!-- Default suite -->
</testng-results>
